
山西	太原市	197062
河南	焦作市	58647
甘肃	临夏回族自治州	5857
四川	资阳市	23846
湖南	永州市	65897
福建	三明市	119169
新疆	克孜勒苏柯尔克孜	659
浙江	丽水市	59403
陕西	铜川市	4997
江苏	盐城市	67355
湖南	湘西土家族苗族自治州	594
云南	大理白族自治州	10469
湖北	江汉（天门/仙桃/潜江）区	56178
四川	雅安市	8090
云南	曲靖市	24644
河南	信阳市	67967
河南	洛阳市	120662
安徽	阜阳市	56649
湖南	衡阳市	125349
云南	文山壮族苗族自治州	16204
陕西	榆林市	39539
广东	惠州市	204623
陕西	宝鸡市	46706
贵州	遵义市	61308
新疆	博尔塔拉蒙古自治州	4
辽宁	营口市	54606
甘肃	陇南市	11575
陕西	渭南市	78972
云南	临沧市	3436
西藏	那曲地区	918
陕西	商洛市	8017
安徽	六安市	51785
四川	眉山市	33501
四川	自贡市	14371
四川	达州市	48090
广西	崇左市	5022
吉林	四平市	31625
贵州	凯里	60355
辽宁	阜新市	15986
吉林	白城市	14016
广东	阳江市	28359
江苏	无锡市	319347
山东	烟台市	108909
贵州	毕节市	31185
甘肃	平凉市	10107
新疆	石河子市	10246
安徽	安庆市	49220
黑龙江	鹤岗市	11024
吉林	延吉市	18592
四川	攀枝花市	11051
吉林	延边	10307
新疆	乌鲁木齐市	79734
甘肃	酒泉市	17213
江西	抚州市	59407
江西	南昌市	203977
全国	全国	75
内蒙古	巴彦淖尔市	14967
黑龙江	佳木斯市	24914
福建	莆田市	98970
云南	思茅区	3100
云南	迪庆藏族自治州	833
广东	中山市	309015
贵州	黔西南布依族苗族自治州	3502
广东	揭阳市	318560
安徽	池州市	19842
湖北	鄂州市	18166
黑龙江	黑河市	13393
湖南	吉首市	19901
甘肃	定西市	13854
四川	甘孜藏族自治州	2282
甘肃	武威市	7532
内蒙古	锡林郭勒	413
湖南	怀化市	70959
重庆	黔江	19958
四川	德阳市	47977
吉林	辽源市	8700
四川	巴中市	15805
山西	吕梁市	45980
湖北	潜江市	56
安徽	黄山市	23726
湖南	湘潭市	55569
广西	来宾市	8580
山东	潍坊市	116981
陕西	延安市	30211
黑龙江	齐齐哈尔市	42310
福建	宁德市	111426
江苏	镇江市	109866
山东	东营市	29573
新疆	阿克苏地区	12231
新疆	昌吉回族自治州	12954
江苏	宿迁市	40346
福建	泉州市	327940
湖北	黄石市	49170
吉林	松原市	19675
广西	防城港市	28785
内蒙古	呼伦贝尔	461
四川	阿坝藏族羌族自治州	3685
陕西	汉中市	37175
内蒙古	锡林浩特	6263
云南	昭通市	12383
辽宁	辽阳市	31348
辽宁	沈阳市	231290
河北	沧州市	66228
江西	上饶市	75116
广东	广州市	1798322
山东	莱芜市	9460
云南	丽江市	5604
青海	海东	7534
河南	郑州市	340071
重庆	重庆	386368
山西	阳泉市	24417
辽宁	锦州市	45692
新疆	哈密地区	9745
广东	梅州市	62132
辽宁	铁岭市	28708
青海	海西蒙古族藏族自治州	1444
广西	钦州市	62315
内蒙古	乌兰察布	13006
云南	西双版纳傣族自治州	4345
江苏	淮安市	47749
湖北	随州市	21774
湖北	神农架	174
江西	鹰潭市	15270
云南	普洱市	1126
云南	德宏傣族景颇族自治州	3764
江西	景德镇市	21126
广东	珠海市	185563
广西	北海市	65244
山东	日照市	20277
湖南	娄底市	55869
西藏	山南地区	921
新疆	奎屯	6545
黑龙江	大兴安岭地区	5676
贵州	黔南布依族苗族自治州	7095
贵州	黔东南苗族侗族自治州	12291
山东	聊城市	41663
新疆	巴音郭楞蒙古自治州	312
安徽	芜湖市	84155
湖南	长沙市	385391
河北	邯郸市	90536
广东	肇庆市	154616
西藏	林芝市	1499
安徽	合肥市	273516
河南	新乡市	81813
甘肃	嘉峪关市	3583
西藏	昌都市	987
广西	柳州市	175438
贵州	安顺市	23071
青海	西宁市	30903
青海	德令哈市	1527
青海	海北藏族自治州	1588
安徽	宿州市	64275
湖南	张家界市	14279
内蒙古	海拉尔	19974
新疆	克州	2
广东	汕头市	488784
江西	九江市	67609
内蒙古	阿拉善盟	1011
黑龙江	双鸭山市	11602
海南	海口市	192017
广西	贵港市	150380
湖北	黄冈市	61313
安徽	铜陵市	23837
四川	南充市	57284
广西	玉林市	129000
上海	上海	1137071
江西	宜春市	62127
甘肃	白银市	10914
浙江	温州市	436217
河南	开封市	46156
江西	新余市	24195
辽宁	盘锦市	29784
吉林	梅河口	2163
湖南	常德市	54495
河南	驻马店市	70354
辽宁	朝阳市	18242
湖北	仙桃市	10586
湖北	十堰市	38147
河北	衡水市	31358
山东	青岛市	187998
山西	大同市	43473
浙江	嘉兴市	183058
河北	承德市	21364
山东	威海市	59793
辽宁	鞍山市	59489
河北	邢台市	53395
山东	菏泽市	60894
云南	昆明市	108028
青海	共和县	677
山东	泰安市	72412
湖南	益阳市	36364
江西	吉安市	39392
云南	玉溪市	8053
云南	怒江傈僳族自治州	795
广西	百色市	52608
广东	潮州市	207542
山东	济南市	259179
福建	漳州市	155560
山西	朔州市	19478
湖南	郴州市	90254
安徽	滁州市	59534
黑龙江	鸡西市	17467
江苏	常州市	228394
浙江	绍兴市	189214
黑龙江	哈尔滨市	194012
江苏	南京市	552624
新疆	塔城地区	1958
河北	廊坊市	79181
天津	天津	370449
湖北	咸宁市	39518
浙江	杭州市	675048
内蒙古	兴安盟	2066
湖北	宜昌市	88019
陕西	安康市	19208
北京	北京	1386182
吉林	珲春市	2013
广东	江门市	111199
广东	佛山市	501345
贵州	贵阳市	129078
河南	鹤壁市	27218
山西	晋中市	63147
内蒙古	呼和浩特市	64495
甘肃	天水市	26051
河北	唐山市	101368
辽宁	大连市	206377
吉林	延边朝鲜族自治州	3721
黑龙江	大庆市	52860
内蒙古	乌兰浩特	6655
湖南	邵阳市	58936
江西	萍乡市	31797
山东	滨州市	27037
浙江	金华市	220257
新疆	吐鲁番市	9282
新疆	和田地区	4543
内蒙古	鄂尔多斯市	20021
广东	云浮市	62842
湖北	武汉市	561636
河南	平顶山市	39997
山东	德州市	50903
宁夏	石嘴山市	5187
甘肃	庆阳市	10254
山西	临汾市	120950
河北	张家口市	35283
江苏	苏州市	516837
福建	厦门市	304637
辽宁	葫芦岛市	37312
辽宁	丹东市	36585
四川	凉山彝族自治州	16748
广东	清远市	87761
河南	三门峡市	41448
西藏	日喀则市	1511
四川	广安市	31374
湖北	恩施土家族苗族自治州	49493
湖北	孝感市	56263
吉林	白山市	8917
黑龙江	牡丹江市	28801
河南	潢川县	1342
江苏	徐州市	191413
重庆	万州	47753
山西	忻州市	34110
河南	安阳市	56624
湖南	株洲市	75714
吉林	通化市	13592
河南	濮阳市	34836
河南	济源市	3334
内蒙古	乌海市	6913
内蒙古	阿拉善	1710
贵州	铜仁市	32267
内蒙古	赤峰市	26779
吉林	长春市	160553
山西	长治市	31221
河南	许昌市	49046
广西	河池市	37201
河南	商丘市	74878
山西	运城市	120204
甘肃	金昌市	8353
宁夏	固原市	3678
四川	内江市	41045
四川	成都市	473922
江苏	连云港市	44387
广东	河源市	35457
浙江	湖州市	144660
四川	西昌市	1085
云南	红河哈尼族彝族自治州	14706
湖北	襄阳市	63479
福建	福州市	423130
新疆	阿勒泰地区	3354
广西	贺州市	12374
甘肃	张掖市	15673
广西	南宁市	384996
河南	漯河市	32495
安徽	宣城市	31373
福建	龙岩市	67440
河南	南阳市	57056
陕西	西安市	378163
四川	绵阳市	73762
重庆	涪陵	31360
内蒙古	包头市	43426
黑龙江	绥化市	20212
贵州	兴义	13577
青海	海南藏族自治州	522
河北	秦皇岛市	62472
宁夏	银川市	30525
内蒙古	锡林郭勒盟	1630
宁夏	吴忠市	6248
浙江	宁波市	387222
辽宁	抚顺市	26326
四川	遂宁市	28402
河北	石家庄市	179587
宁夏	中卫市	5055
新疆	喀什地区	11719
广东	东莞市	645002
新疆	伊犁哈萨克自治州	11490
西藏	阿里地区	400
黑龙江	七台河市	6984
浙江	衢州市	57030
安徽	马鞍山市	49626
江西	赣州市	82191
江苏	南通市	105120
甘肃	兰州市	91247
青海	黄南藏族自治州	617
湖北	荆门市	33248
湖南	岳阳市	92312
安徽	亳州市	29595
浙江	台州市	208085
山东	枣庄市	71963
云南	保山市	4566
山东	淄博市	76546
黑龙江	伊春市	12678
青海	海晏县	3025
广东	茂名市	75416
山东	临沂市	67753
四川	泸州市	25366
广东	深圳市	1820301
吉林	吉林市	60932
安徽	淮北市	31804
河南	周口市	47408
内蒙古	通辽市	20728
福建	南平市	94020
贵州	都匀	32522
河北	保定市	125770
四川	乐山市	51659
四川	广元市	22854
广东	汕尾市	170266
浙江	舟山市	22329
贵州	六盘水市	29800
广西	桂林市	171765
青海	果洛藏族自治州	356
内蒙古	呼伦贝尔市	2053
陕西	咸阳市	48661
江苏	扬州市	80562
广西	梧州市	158947
新疆	博乐	3120
青海	玉树藏族自治州	635
安徽	淮南市	40197
新疆	克孜勒苏柯尔克孜自治州	1327
山西	晋城市	25091
山东	济宁市	108496
新疆	库尔勒	14062
新疆	克拉玛依市	5951
西藏	拉萨市	9015
四川	宜宾市	21652
内蒙古	乌兰察布市	3788
青海	格尔木	4343
云南	楚雄彝族自治州	7322
甘肃	甘南藏族自治州	2019
广东	湛江市	106667
湖北	荆州市	103637
青海	黄南藏族自治州 	1
广东	韶关市	89737
江苏	泰州市	60576
安徽	蚌埠市	61142
辽宁	本溪市	20960
9091758
41355951
